This is pdfTeX, Version 3.141592653-2.6-1.40.27 (TeX Live 2025) (preloaded format=pdflatex 2025.9.22)  8 DEC 2025 11:46
entering extended mode
 restricted \write18 enabled.
 %&-line parsing enabled.
**pdf_v0/snip_v0_overview.tex
(./pdf_v0/snip_v0_overview.tex
LaTeX2e <2024-11-01> patch level 2
L3 programming layer <2025-01-18>
(/usr/local/texlive/2025/texmf-dist/tex/latex/base/article.cls
Document Class: article 2024/06/29 v1.4n Standard LaTeX document class
(/usr/local/texlive/2025/texmf-dist/tex/latex/base/size11.clo
File: size11.clo 2024/06/29 v1.4n Standard LaTeX file (size option)
)
\c@part=\count196
\c@section=\count197
\c@subsection=\count198
\c@subsubsection=\count199
\c@paragraph=\count266
\c@subparagraph=\count267
\c@figure=\count268
\c@table=\count269
\abovecaptionskip=\skip49
\belowcaptionskip=\skip50
\bibindent=\dimen141
)
(/usr/local/texlive/2025/texmf-dist/tex/latex/geometry/geometry.sty
Package: geometry 2020/01/02 v5.9 Page Geometry

(/usr/local/texlive/2025/texmf-dist/tex/latex/graphics/keyval.sty
Package: keyval 2022/05/29 v1.15 key=value parser (DPC)
\KV@toks@=\toks17
)
(/usr/local/texlive/2025/texmf-dist/tex/generic/iftex/ifvtex.sty
Package: ifvtex 2019/10/25 v1.7 ifvtex legacy package. Use iftex instead.

(/usr/local/texlive/2025/texmf-dist/tex/generic/iftex/iftex.sty
Package: iftex 2024/12/12 v1.0g TeX engine tests
))
\Gm@cnth=\count270
\Gm@cntv=\count271
\c@Gm@tempcnt=\count272
\Gm@bindingoffset=\dimen142
\Gm@wd@mp=\dimen143
\Gm@odd@mp=\dimen144
\Gm@even@mp=\dimen145
\Gm@layoutwidth=\dimen146
\Gm@layoutheight=\dimen147
\Gm@layouthoffset=\dimen148
\Gm@layoutvoffset=\dimen149
\Gm@dimlist=\toks18
)
(/usr/local/texlive/2025/texmf-dist/tex/latex/graphics/graphicx.sty
Package: graphicx 2021/09/16 v1.2d Enhanced LaTeX Graphics (DPC,SPQR)

(/usr/local/texlive/2025/texmf-dist/tex/latex/graphics/graphics.sty
Package: graphics 2024/08/06 v1.4g Standard LaTeX Graphics (DPC,SPQR)

(/usr/local/texlive/2025/texmf-dist/tex/latex/graphics/trig.sty
Package: trig 2023/12/02 v1.11 sin cos tan (DPC)
)
(/usr/local/texlive/2025/texmf-dist/tex/latex/graphics-cfg/graphics.cfg
File: graphics.cfg 2016/06/04 v1.11 sample graphics configuration
)
Package graphics Info: Driver file: pdftex.def on input line 106.

(/usr/local/texlive/2025/texmf-dist/tex/latex/graphics-def/pdftex.def
File: pdftex.def 2024/04/13 v1.2c Graphics/color driver for pdftex
))
\Gin@req@height=\dimen150
\Gin@req@width=\dimen151
)
(/usr/local/texlive/2025/texmf-dist/tex/latex/float/float.sty
Package: float 2001/11/08 v1.3d Float enhancements (AL)
\c@float@type=\count273
\float@exts=\toks19
\float@box=\box52
\@float@everytoks=\toks20
\@floatcapt=\box53
)
(/usr/local/texlive/2025/texmf-dist/tex/latex/setspace/setspace.sty
Package: setspace 2022/12/04 v6.7b set line spacing
)
(/usr/local/texlive/2025/texmf-dist/tex/latex/l3backend/l3backend-pdftex.def
File: l3backend-pdftex.def 2024-05-08 L3 backend support: PDF output (pdfTeX)
\l__color_backend_stack_int=\count274
\l__pdf_internal_box=\box54
)
(./snip_v0_overview.aux)
\openout1 = `snip_v0_overview.aux'.

LaTeX Font Info:    Checking defaults for OML/cmm/m/it on input line 20.
LaTeX Font Info:    ... okay on input line 20.
LaTeX Font Info:    Checking defaults for OMS/cmsy/m/n on input line 20.
LaTeX Font Info:    ... okay on input line 20.
LaTeX Font Info:    Checking defaults for OT1/cmr/m/n on input line 20.
LaTeX Font Info:    ... okay on input line 20.
LaTeX Font Info:    Checking defaults for T1/cmr/m/n on input line 20.
LaTeX Font Info:    ... okay on input line 20.
LaTeX Font Info:    Checking defaults for TS1/cmr/m/n on input line 20.
LaTeX Font Info:    ... okay on input line 20.
LaTeX Font Info:    Checking defaults for OMX/cmex/m/n on input line 20.
LaTeX Font Info:    ... okay on input line 20.
LaTeX Font Info:    Checking defaults for U/cmr/m/n on input line 20.
LaTeX Font Info:    ... okay on input line 20.

*geometry* driver: auto-detecting
*geometry* detected driver: pdftex
*geometry* verbose mode - [ preamble ] result:
* driver: pdftex
* paper: <default>
* layout: <same size as paper>
* layoutoffset:(h,v)=(0.0pt,0.0pt)
* modes: 
* h-part:(L,W,R)=(50.58878pt, 513.11745pt, 50.58878pt)
* v-part:(T,H,B)=(50.58878pt, 693.79243pt, 50.58878pt)
* \paperwidth=614.295pt
* \paperheight=794.96999pt
* \textwidth=513.11745pt
* \textheight=693.79243pt
* \oddsidemargin=-21.68121pt
* \evensidemargin=-21.68121pt
* \topmargin=-58.68121pt
* \headheight=12.0pt
* \headsep=25.0pt
* \topskip=11.0pt
* \footskip=30.0pt
* \marginparwidth=59.0pt
* \marginparsep=10.0pt
* \columnsep=10.0pt
* \skip\footins=10.0pt plus 4.0pt minus 2.0pt
* \hoffset=0.0pt
* \voffset=0.0pt
* \mag=1000
* \@twocolumnfalse
* \@twosidefalse
* \@mparswitchfalse
* \@reversemarginfalse
* (1in=72.27pt=25.4mm, 1cm=28.453pt)

(/usr/local/texlive/2025/texmf-dist/tex/context/base/mkii/supp-pdf.mkii
[Loading MPS to PDF converter (version 2006.09.02).]
\scratchcounter=\count275
\scratchdimen=\dimen152
\scratchbox=\box55
\nofMPsegments=\count276
\nofMParguments=\count277
\everyMPshowfont=\toks21
\MPscratchCnt=\count278
\MPscratchDim=\dimen153
\MPnumerator=\count279
\makeMPintoPDFobject=\count280
\everyMPtoPDFconversion=\toks22
) (/usr/local/texlive/2025/texmf-dist/tex/latex/epstopdf-pkg/epstopdf-base.sty
Package: epstopdf-base 2020-01-24 v2.11 Base part for package epstopdf
Package epstopdf-base Info: Redefining graphics rule for `.eps' on input line 4
85.

(/usr/local/texlive/2025/texmf-dist/tex/latex/latexconfig/epstopdf-sys.cfg
File: epstopdf-sys.cfg 2010/07/13 v1.3 Configuration of (r)epstopdf for TeX Liv
e
))
LaTeX Font Info:    External font `cmex10' loaded for size
(Font)              <12> on input line 21.
LaTeX Font Info:    External font `cmex10' loaded for size
(Font)              <8> on input line 21.
LaTeX Font Info:    External font `cmex10' loaded for size
(Font)              <6> on input line 21.


LaTeX Warning: No \author given.

</Users/simoncoessens/Documents/GitHub/SNIP-tool/pdf_v0/Screenshot 2025-12-08 a
t 11.29.58 1.png, id=1, 1927.2pt x 1171.37625pt>
File: /Users/simoncoessens/Documents/GitHub/SNIP-tool/pdf_v0/Screenshot 2025-12
-08 at 11.29.58 1.png Graphic file (type png)
<use /Users/simoncoessens/Documents/GitHub/SNIP-tool/pdf_v0/Screenshot 2025-12-
08 at 11.29.58 1.png>
Package pdftex.def Info: /Users/simoncoessens/Documents/GitHub/SNIP-tool/pdf_v0
/Screenshot 2025-12-08 at 11.29.58 1.png  used on input line 34.
(pdftex.def)             Requested size: 513.11745pt x 311.87888pt.
</Users/simoncoessens/Documents/GitHub/SNIP-tool/pdf_v0/Screenshot 2025-12-08 a
t 11.30.08.png, id=3, 1927.2pt x 1175.39125pt>
File: /Users/simoncoessens/Documents/GitHub/SNIP-tool/pdf_v0/Screenshot 2025-12
-08 at 11.30.08.png Graphic file (type png)
<use /Users/simoncoessens/Documents/GitHub/SNIP-tool/pdf_v0/Screenshot 2025-12-
08 at 11.30.08.png>
Package pdftex.def Info: /Users/simoncoessens/Documents/GitHub/SNIP-tool/pdf_v0
/Screenshot 2025-12-08 at 11.30.08.png  used on input line 35.
(pdftex.def)             Requested size: 513.11745pt x 312.94788pt.
</Users/simoncoessens/Documents/GitHub/SNIP-tool/pdf_v0/Screenshot 2025-12-08 a
t 11.31.02.png, id=4, 1927.2pt x 1173.38374pt>
File: /Users/simoncoessens/Documents/GitHub/SNIP-tool/pdf_v0/Screenshot 2025-12
-08 at 11.31.02.png Graphic file (type png)
<use /Users/simoncoessens/Documents/GitHub/SNIP-tool/pdf_v0/Screenshot 2025-12-
08 at 11.31.02.png>
Package pdftex.def Info: /Users/simoncoessens/Documents/GitHub/SNIP-tool/pdf_v0
/Screenshot 2025-12-08 at 11.31.02.png  used on input line 36.
(pdftex.def)             Requested size: 513.11745pt x 312.41336pt.


[1

{/usr/local/texlive/2025/texmf-var/fonts/map/pdftex/updmap/pdftex.map} </Users/
simoncoessens/Documents/GitHub/SNIP-tool/pdf_v0/Screenshot 2025-12-08 at 11.29.
58 1.png>]
</Users/simoncoessens/Documents/GitHub/SNIP-tool/pdf_v0/Screenshot 2025-12-08 a
t 11.31.32.png, id=14, 1927.2pt x 1173.38374pt>
File: /Users/simoncoessens/Documents/GitHub/SNIP-tool/pdf_v0/Screenshot 2025-12
-08 at 11.31.32.png Graphic file (type png)
<use /Users/simoncoessens/Documents/GitHub/SNIP-tool/pdf_v0/Screenshot 2025-12-
08 at 11.31.32.png>
Package pdftex.def Info: /Users/simoncoessens/Documents/GitHub/SNIP-tool/pdf_v0
/Screenshot 2025-12-08 at 11.31.32.png  used on input line 37.
(pdftex.def)             Requested size: 513.11745pt x 312.41336pt.


[2 </Users/simoncoessens/Documents/GitHub/SNIP-tool/pdf_v0/Screenshot 2025-12-0
8 at 11.30.08.png>]
</Users/simoncoessens/Documents/GitHub/SNIP-tool/pdf_v0/Screenshot 2025-12-08 a
t 11.31.55.png, id=19, 1927.2pt x 1177.39874pt>
File: /Users/simoncoessens/Documents/GitHub/SNIP-tool/pdf_v0/Screenshot 2025-12
-08 at 11.31.55.png Graphic file (type png)
<use /Users/simoncoessens/Documents/GitHub/SNIP-tool/pdf_v0/Screenshot 2025-12-
08 at 11.31.55.png>
Package pdftex.def Info: /Users/simoncoessens/Documents/GitHub/SNIP-tool/pdf_v0
/Screenshot 2025-12-08 at 11.31.55.png  used on input line 38.
(pdftex.def)             Requested size: 513.11745pt x 313.48236pt.


[3 </Users/simoncoessens/Documents/GitHub/SNIP-tool/pdf_v0/Screenshot 2025-12-0
8 at 11.31.02.png>]
</Users/simoncoessens/Documents/GitHub/SNIP-tool/pdf_v0/Screenshot 2025-12-08 a
t 11.36.50.png, id=24, 1927.2pt x 1174.3875pt>
File: /Users/simoncoessens/Documents/GitHub/SNIP-tool/pdf_v0/Screenshot 2025-12
-08 at 11.36.50.png Graphic file (type png)
<use /Users/simoncoessens/Documents/GitHub/SNIP-tool/pdf_v0/Screenshot 2025-12-
08 at 11.36.50.png>
Package pdftex.def Info: /Users/simoncoessens/Documents/GitHub/SNIP-tool/pdf_v0
/Screenshot 2025-12-08 at 11.36.50.png  used on input line 39.
(pdftex.def)             Requested size: 513.11745pt x 312.68062pt.


[4 </Users/simoncoessens/Documents/GitHub/SNIP-tool/pdf_v0/Screenshot 2025-12-0
8 at 11.31.32.png>]
</Users/simoncoessens/Documents/GitHub/SNIP-tool/pdf_v0/Screenshot 2025-12-08 a
t 11.37.45.png, id=29, 1927.2pt x 1176.395pt>
File: /Users/simoncoessens/Documents/GitHub/SNIP-tool/pdf_v0/Screenshot 2025-12
-08 at 11.37.45.png Graphic file (type png)
<use /Users/simoncoessens/Documents/GitHub/SNIP-tool/pdf_v0/Screenshot 2025-12-
08 at 11.37.45.png>
Package pdftex.def Info: /Users/simoncoessens/Documents/GitHub/SNIP-tool/pdf_v0
/Screenshot 2025-12-08 at 11.37.45.png  used on input line 40.
(pdftex.def)             Requested size: 513.11745pt x 313.21512pt.


[5 </Users/simoncoessens/Documents/GitHub/SNIP-tool/pdf_v0/Screenshot 2025-12-0
8 at 11.31.55.png>]
</Users/simoncoessens/Documents/GitHub/SNIP-tool/pdf_v0/Screenshot 2025-12-08 a
t 11.37.56.png, id=34, 1927.2pt x 1179.40625pt>
File: /Users/simoncoessens/Documents/GitHub/SNIP-tool/pdf_v0/Screenshot 2025-12
-08 at 11.37.56.png Graphic file (type png)
<use /Users/simoncoessens/Documents/GitHub/SNIP-tool/pdf_v0/Screenshot 2025-12-
08 at 11.37.56.png>
Package pdftex.def Info: /Users/simoncoessens/Documents/GitHub/SNIP-tool/pdf_v0
/Screenshot 2025-12-08 at 11.37.56.png  used on input line 41.
(pdftex.def)             Requested size: 513.11745pt x 314.01686pt.


[6 </Users/simoncoessens/Documents/GitHub/SNIP-tool/pdf_v0/Screenshot 2025-12-0
8 at 11.36.50.png>]
</Users/simoncoessens/Documents/GitHub/SNIP-tool/pdf_v0/Screenshot 2025-12-08 a
t 11.39.10.png, id=39, 1927.2pt x 1179.40625pt>
File: /Users/simoncoessens/Documents/GitHub/SNIP-tool/pdf_v0/Screenshot 2025-12
-08 at 11.39.10.png Graphic file (type png)
<use /Users/simoncoessens/Documents/GitHub/SNIP-tool/pdf_v0/Screenshot 2025-12-
08 at 11.39.10.png>
Package pdftex.def Info: /Users/simoncoessens/Documents/GitHub/SNIP-tool/pdf_v0
/Screenshot 2025-12-08 at 11.39.10.png  used on input line 42.
(pdftex.def)             Requested size: 513.11745pt x 314.01686pt.


[7 </Users/simoncoessens/Documents/GitHub/SNIP-tool/pdf_v0/Screenshot 2025-12-0
8 at 11.37.45.png>]
</Users/simoncoessens/Documents/GitHub/SNIP-tool/pdf_v0/Screenshot 2025-12-08 a
t 11.40.15.png, id=45, 1927.2pt x 1171.37625pt>
File: /Users/simoncoessens/Documents/GitHub/SNIP-tool/pdf_v0/Screenshot 2025-12
-08 at 11.40.15.png Graphic file (type png)
<use /Users/simoncoessens/Documents/GitHub/SNIP-tool/pdf_v0/Screenshot 2025-12-
08 at 11.40.15.png>
Package pdftex.def Info: /Users/simoncoessens/Documents/GitHub/SNIP-tool/pdf_v0
/Screenshot 2025-12-08 at 11.40.15.png  used on input line 43.
(pdftex.def)             Requested size: 513.11745pt x 311.87888pt.


[8 </Users/simoncoessens/Documents/GitHub/SNIP-tool/pdf_v0/Screenshot 2025-12-0
8 at 11.37.56.png>]

[9 </Users/simoncoessens/Documents/GitHub/SNIP-tool/pdf_v0/Screenshot 2025-12-0
8 at 11.39.10.png>]

[10 </Users/simoncoessens/Documents/GitHub/SNIP-tool/pdf_v0/Screenshot 2025-12-
08 at 11.40.15.png>] (./snip_v0_overview.aux)
 ***********
LaTeX2e <2024-11-01> patch level 2
L3 programming layer <2025-01-18>
 ***********
 ) 
Here is how much of TeX's memory you used:
 2074 strings out of 473190
 39839 string characters out of 5715800
 428362 words of memory out of 5000000
 25345 multiletter control sequences out of 15000+600000
 562777 words of font info for 49 fonts, out of 8000000 for 9000
 1141 hyphenation exceptions out of 8191
 57i,6n,65p,218b,233s stack positions out of 10000i,1000n,20000p,200000b,200000s
</usr/local/texlive/2025/texmf-dist/fonts/type1/public/amsfonts/cm/cmbx12.pfb
></usr/local/texlive/2025/texmf-dist/fonts/type1/public/amsfonts/cm/cmr10.pfb><
/usr/local/texlive/2025/texmf-dist/fonts/type1/public/amsfonts/cm/cmr17.pfb>
Output written on snip_v0_overview.pdf (10 pages, 3865482 bytes).
PDF statistics:
 73 PDF objects out of 1000 (max. 8388607)
 34 compressed objects within 1 object stream
 0 named destinations out of 1000 (max. 500000)
 51 words of extra memory for PDF output out of 10000 (max. 10000000)

